Build started 10/4/2015 9:22:51 PM.
     1>Project "G:\Git_clone_steerlite\SteerLite\curveAI\build\win32\curveAI.vcxproj" on node 2 (Build target(s)).
     1>ClCompile:
         G:\VStudio\VC\bin\x86_amd64\CL.exe /c /I..\..\..\util\include /I..\..\include /I..\..\..\steerlib\include /I..\..\..\external /Zi /nologo /W3 /WX- /MP /O2 /Oi /Ot /GL /D ENABLE_GUI /D _WINDLL /D _MBCS /Gm- /EHsc /MD /GS /Gy /arch:SSE2 /fp:fast /Zc:wchar_t /Zc:forScope /Zc:inline /GR /Fo"Release\\" /Fd"Release\vc140.pdb" /Gd /TP /errorReport:prompt ..\..\src\CurveAgent.cpp
     1>cl : Command line warning D9002: ignoring unknown option '/arch:SSE2'
         CurveAgent.cpp
     1>g:\git_clone_steerlite\steerlite\util\include\UtilGlobals.h(17): warning C4005: 'UTIL_API': macro redefinition
         g:\git_clone_steerlite\steerlite\steerlib\include\Globals.h(22): note: see previous definition of 'UTIL_API'
     1>g:\git_clone_steerlite\steerlite\util\include\LogObject.h(85): warning C4267: 'argument': conversion from 'size_t' to 'unsigned int', possible loss of data
       Link:
         G:\VStudio\VC\bin\x86_amd64\link.exe /ERRORREPORT:PROMPT /OUT:"G:\Git_clone_steerlite\SteerLite\build\win32\Release\curveAI.dll" /INCREMENTAL:NO /NOLOGO /LIBPATH:G:\Git_clone_steerlite\SteerLite\build\win32\Release\ util.lib steerlib.lib kernel32.lib user32.lib gdi32.lib winspool.lib comdlg32.lib advapi32.lib shell32.lib ole32.lib oleaut32.lib uuid.lib odbc32.lib odbccp32.lib /MANIFEST /MANIFESTUAC:"level='asInvoker' uiAccess='false'" /manifest:embed /PDB:"G:\Git_clone_steerlite\SteerLite\build\win32\Release\curveAI.pdb" /OPT:REF /OPT:ICF /LTCG:incremental /TLBID:1 /DYNAMICBASE /NXCOMPAT /IMPLIB:"G:\Git_clone_steerlite\SteerLite\build\win32\Release\curveAI.lib" /MACHINE:X64 /DLL Release\CurveAgent.obj
         Release\CurveAIModule.obj
            Creating library G:\Git_clone_steerlite\SteerLite\build\win32\Release\curveAI.lib and object G:\Git_clone_steerlite\SteerLite\build\win32\Release\curveAI.exp
         Generating code
         3 of 1040 functions ( 0.3%) were compiled, the rest were copied from previous compilation.
           0 functions were new in current compilation
           0 functions had inline decision re-evaluated but remain unchanged
         Finished generating code
         curveAI.vcxproj -> G:\Git_clone_steerlite\SteerLite\build\win32\Release\curveAI.dll
     1>Done Building Project "G:\Git_clone_steerlite\SteerLite\curveAI\build\win32\curveAI.vcxproj" (Build target(s)).

Build succeeded.

Time Elapsed 00:00:02.10
