g:\git_clone_steerlite\steerlite\steersim\build\win32\release\commandlineenginedriver.obj
g:\git_clone_steerlite\steerlite\steersim\build\win32\release\main.obj
g:\git_clone_steerlite\steerlite\steersim\build\win32\release\globaleventfilter.obj
g:\git_clone_steerlite\steerlite\steersim\build\win32\release\moc_qtenginecontroller.obj
g:\git_clone_steerlite\steerlite\steersim\build\win32\release\clockwidget.obj
g:\git_clone_steerlite\steerlite\steersim\build\win32\release\qtenginecontroller.obj
g:\git_clone_steerlite\steerlite\steersim\build\win32\release\moc_consolewidget.obj
g:\git_clone_steerlite\steerlite\steersim\build\win32\release\moc_modulemanagerwidget.obj
g:\git_clone_steerlite\steerlite\steersim\build\win32\release\qtenginedriver.obj
g:\git_clone_steerlite\steerlite\steersim\build\win32\release\modulemanagerwidget.obj
g:\git_clone_steerlite\steerlite\steersim\build\win32\release\recfileplayerwidget.obj
g:\git_clone_steerlite\steerlite\steersim\build\win32\release\moc_globaleventfilter.obj
g:\git_clone_steerlite\steerlite\steersim\build\win32\release\moc_testcaseplayerwidget.obj
g:\git_clone_steerlite\steerlite\steersim\build\win32\release\glwidget.obj
g:\git_clone_steerlite\steerlite\steersim\build\win32\release\moc_clockwidget.obj
g:\git_clone_steerlite\steerlite\steersim\build\win32\release\moc_glwidget.obj
g:\git_clone_steerlite\steerlite\steersim\build\win32\release\glfwenginedriver.obj
g:\git_clone_steerlite\steerlite\steersim\build\win32\release\consolewidget.obj
g:\git_clone_steerlite\steerlite\steersim\build\win32\release\testcaseplayerwidget.obj
g:\git_clone_steerlite\steerlite\steersim\build\win32\release\moc_recfileplayerwidget.obj
g:\git_clone_steerlite\steerlite\steersim\build\win32\release\vc140.pdb
g:\git_clone_steerlite\steerlite\steersim\build\autogenerated\moc_clockwidget.cpp
g:\git_clone_steerlite\steerlite\steersim\build\autogenerated\moc_consolewidget.cpp
g:\git_clone_steerlite\steerlite\steersim\build\autogenerated\moc_globaleventfilter.cpp
g:\git_clone_steerlite\steerlite\steersim\build\autogenerated\moc_glwidget.cpp
g:\git_clone_steerlite\steerlite\steersim\build\autogenerated\moc_modulemanagerwidget.cpp
g:\git_clone_steerlite\steerlite\steersim\build\autogenerated\moc_qtenginecontroller.cpp
g:\git_clone_steerlite\steerlite\steersim\build\autogenerated\moc_recfileplayerwidget.cpp
g:\git_clone_steerlite\steerlite\steersim\build\autogenerated\moc_testcaseplayerwidget.cpp
g:\git_clone_steerlite\steerlite\build\win32\release\steersim.exe
g:\git_clone_steerlite\steerlite\build\win32\release\steersim.ipdb
g:\git_clone_steerlite\steerlite\build\win32\release\steersim.iobj
g:\git_clone_steerlite\steerlite\build\win32\release\steersim.lib
g:\git_clone_steerlite\steerlite\build\win32\release\steersim.exp
g:\git_clone_steerlite\steerlite\steersim\build\win32\release\steersim.tlog\cl.command.1.tlog
g:\git_clone_steerlite\steerlite\steersim\build\win32\release\steersim.tlog\cl.read.1.tlog
g:\git_clone_steerlite\steerlite\steersim\build\win32\release\steersim.tlog\cl.write.1.tlog
g:\git_clone_steerlite\steerlite\steersim\build\win32\release\steersim.tlog\custombuild.command.1.tlog
g:\git_clone_steerlite\steerlite\steersim\build\win32\release\steersim.tlog\custombuild.read.1.tlog
g:\git_clone_steerlite\steerlite\steersim\build\win32\release\steersim.tlog\custombuild.write.1.tlog
g:\git_clone_steerlite\steerlite\steersim\build\win32\release\steersim.tlog\link.command.1.tlog
g:\git_clone_steerlite\steerlite\steersim\build\win32\release\steersim.tlog\link.read.1.tlog
g:\git_clone_steerlite\steerlite\steersim\build\win32\release\steersim.tlog\link.write.1.tlog
g:\git_clone_steerlite\steerlite\steersim\build\win32\release\steersim.tlog\steersim.write.1u.tlog
