g:\git_clone_steerlite\steerlite\steerlib\build\win32\release\agentmetricscollector.obj
g:\git_clone_steerlite\steerlite\steerlib\build\win32\release\highrescounter.obj
g:\git_clone_steerlite\steerlite\steerlib\build\win32\release\threadedtaskmanager.obj
g:\git_clone_steerlite\steerlite\steerlib\build\win32\release\camera.obj
g:\git_clone_steerlite\steerlite\steerlib\build\win32\release\boxobstacle.obj
g:\git_clone_steerlite\steerlite\steerlib\build\win32\release\testcaseplayermodule.obj
g:\git_clone_steerlite\steerlite\steerlib\build\win32\release\behaviorparameter.obj
g:\git_clone_steerlite\steerlite\steerlib\build\win32\release\framesaver.obj
g:\git_clone_steerlite\steerlite\steerlib\build\win32\release\griddatabase2d.obj
g:\git_clone_steerlite\steerlite\steerlib\build\win32\release\testcasereader.obj
g:\git_clone_steerlite\steerlite\steerlib\build\win32\release\recfileplayermodule.obj
g:\git_clone_steerlite\steerlite\steerlib\build\win32\release\compositetechnique01.obj
g:\git_clone_steerlite\steerlite\steerlib\build\win32\release\commandlineparser.obj
g:\git_clone_steerlite\steerlite\steerlib\build\win32\release\performanceprofiler.obj
g:\git_clone_steerlite\steerlite\steerlib\build\win32\release\testcasewriter.obj
g:\git_clone_steerlite\steerlite\steerlib\build\win32\release\tinyxmlparser.obj
g:\git_clone_steerlite\steerlite\steerlib\build\win32\release\behaviour.obj
g:\git_clone_steerlite\steerlite\steerlib\build\win32\release\orientedwallobstacle.obj
g:\git_clone_steerlite\steerlite\steerlib\build\win32\release\misc.obj
g:\git_clone_steerlite\steerlite\steerlib\build\win32\release\testcasereaderprivate.obj
g:\git_clone_steerlite\steerlite\steerlib\build\win32\release\simulationrecordermodule.obj
g:\git_clone_steerlite\steerlite\steerlib\build\win32\release\benchmarkengine.obj
g:\git_clone_steerlite\steerlite\steerlib\build\win32\release\memorymapper.obj
g:\git_clone_steerlite\steerlite\steerlib\build\win32\release\recfilewriter.obj
g:\git_clone_steerlite\steerlite\steerlib\build\win32\release\steeringcommand.obj
g:\git_clone_steerlite\steerlite\steerlib\build\win32\release\orientedboxobstacle.obj
g:\git_clone_steerlite\steerlite\steerlib\build\win32\release\tinystr.obj
g:\git_clone_steerlite\steerlite\steerlib\build\win32\release\tinyxmlerror.obj
g:\git_clone_steerlite\steerlite\steerlib\build\win32\release\compositetechniqueple.obj
g:\git_clone_steerlite\steerlite\steerlib\build\win32\release\dynamiclibrary.obj
g:\git_clone_steerlite\steerlite\steerlib\build\win32\release\statemachine.obj
g:\git_clone_steerlite\steerlite\steerlib\build\win32\release\clock.obj
g:\git_clone_steerlite\steerlite\steerlib\build\win32\release\circleobstacle.obj
g:\git_clone_steerlite\steerlite\steerlib\build\win32\release\ticpp.obj
g:\git_clone_steerlite\steerlite\steerlib\build\win32\release\compositetechnique02.obj
g:\git_clone_steerlite\steerlite\steerlib\build\win32\release\drawlib.obj
g:\git_clone_steerlite\steerlite\steerlib\build\win32\release\xmlparser.obj
g:\git_clone_steerlite\steerlite\steerlib\build\win32\release\simulationengine.obj
g:\git_clone_steerlite\steerlite\steerlib\build\win32\release\curve.obj
g:\git_clone_steerlite\steerlite\steerlib\build\win32\release\simulationmetricscollector.obj
g:\git_clone_steerlite\steerlite\steerlib\build\win32\release\recfilereader.obj
g:\git_clone_steerlite\steerlite\steerlib\build\win32\release\simulationoptions.obj
g:\git_clone_steerlite\steerlite\steerlib\build\win32\release\tinyxml.obj
g:\git_clone_steerlite\steerlite\steerlib\build\win32\release\vc140.pdb
g:\git_clone_steerlite\steerlite\build\win32\release\steerlib.dll
g:\git_clone_steerlite\steerlite\build\win32\release\steerlib.ipdb
g:\git_clone_steerlite\steerlite\build\win32\release\steerlib.iobj
g:\git_clone_steerlite\steerlite\build\win32\release\steerlib.lib
g:\git_clone_steerlite\steerlite\build\win32\release\steerlib.exp
g:\git_clone_steerlite\steerlite\steerlib\build\win32\release\steerlib.tlog\cl.command.1.tlog
g:\git_clone_steerlite\steerlite\steerlib\build\win32\release\steerlib.tlog\cl.read.1.tlog
g:\git_clone_steerlite\steerlite\steerlib\build\win32\release\steerlib.tlog\cl.write.1.tlog
g:\git_clone_steerlite\steerlite\steerlib\build\win32\release\steerlib.tlog\link.command.1.tlog
g:\git_clone_steerlite\steerlite\steerlib\build\win32\release\steerlib.tlog\link.read.1.tlog
g:\git_clone_steerlite\steerlite\steerlib\build\win32\release\steerlib.tlog\link.write.1.tlog
g:\git_clone_steerlite\steerlite\steerlib\build\win32\release\steerlib.tlog\steerlib.write.1u.tlog
