Build started 9/30/2015 10:24:21 PM.
     1>Project "C:\Users\benb0_000\Documents\GitHub\SteerLite\steerlib\build\win32\steerlib.vcxproj" on node 2 (Build target(s)).
     1>ClCompile:
         C:\Program Files (x86)\Microsoft Visual Studio 14.0\VC\bin\x86_amd64\CL.exe /c /I..\..\..\util\include /I..\..\include /I..\..\..\external /Zi /nologo /W3 /WX- /MP /O2 /Oi /Ot /GL /D _COMPILING_WIN32_STEERLIB /D ENABLE_GUI /D _WINDLL /D _MBCS /Gm- /EHsc /MD /GS /Gy /arch:SSE2 /fp:fast /Zc:wchar_t /Zc:forScope /Zc:inline /GR /Fo"Release\\" /Fd"Release\vc140.pdb" /Gd /TP /errorReport:prompt ..\..\src\Camera.cpp ..\..\src\Curve.cpp ..\..\src\RecFilePlayerModule.cpp ..\..\src\SimulationEngine.cpp ..\..\src\SimulationRecorderModule.cpp ..\..\src\TestCasePlayerModule.cpp ..\..\src\TestCaseReader.cpp ..\..\src\TestCaseReaderPrivate.cpp ..\..\src\TestCaseWriter.cpp
     1>cl : Command line warning D9002: ignoring unknown option '/arch:SSE2'
     1>cl : Command line warning D9002: ignoring unknown option '/arch:SSE2'
         Camera.cpp
     1>cl : Command line warning D9002: ignoring unknown option '/arch:SSE2'
         Curve.cpp
     1>cl : Command line warning D9002: ignoring unknown option '/arch:SSE2'
         RecFilePlayerModule.cpp
     1>cl : Command line warning D9002: ignoring unknown option '/arch:SSE2'
     1>cl : Command line warning D9002: ignoring unknown option '/arch:SSE2'
     1>cl : Command line warning D9002: ignoring unknown option '/arch:SSE2'
         SimulationEngine.cpp
     1>cl : Command line warning D9002: ignoring unknown option '/arch:SSE2'
         SimulationRecorderModule.cpp
         TestCasePlayerModule.cpp
     1>cl : Command line warning D9002: ignoring unknown option '/arch:SSE2'
         TestCaseReader.cpp
         TestCaseReaderPrivate.cpp
     1>C:\Users\benb0_000\Documents\GitHub\SteerLite\steerlib\include\util/GenericException.h(57): warning C4275: non dll-interface class 'std::exception' used as base for dll-interface class 'Util::GenericException' (compiling source file ..\..\src\TestCasePlayerModule.cpp)
         C:\Program Files (x86)\Microsoft Visual Studio 14.0\VC\include\vcruntime_exception.h(43): note: see declaration of 'std::exception' (compiling source file ..\..\src\TestCasePlayerModule.cpp)
     1>C:\Users\benb0_000\Documents\GitHub\SteerLite\steerlib\include\util/GenericException.h(57): warning C4275: non dll-interface class 'std::exception' used as base for dll-interface class 'Util::GenericException' (compiling source file ..\..\src\SimulationRecorderModule.cpp)
         C:\Users\benb0_000\Documents\GitHub\SteerLite\steerlib\include\util/GenericException.h(56): note: see declaration of 'Util::GenericException' (compiling source file ..\..\src\TestCasePlayerModule.cpp)
         C:\Program Files (x86)\Microsoft Visual Studio 14.0\VC\include\vcruntime_exception.h(43): note: see declaration of 'std::exception' (compiling source file ..\..\src\SimulationRecorderModule.cpp)
         C:\Users\benb0_000\Documents\GitHub\SteerLite\steerlib\include\util/GenericException.h(56): note: see declaration of 'Util::GenericException' (compiling source file ..\..\src\SimulationRecorderModule.cpp)
     1>C:\Users\benb0_000\Documents\GitHub\SteerLite\steerlib\include\util/GenericException.h(57): warning C4275: non dll-interface class 'std::exception' used as base for dll-interface class 'Util::GenericException' (compiling source file ..\..\src\TestCaseReaderPrivate.cpp)
         C:\Program Files (x86)\Microsoft Visual Studio 14.0\VC\include\vcruntime_exception.h(43): note: see declaration of 'std::exception' (compiling source file ..\..\src\TestCaseReaderPrivate.cpp)
         C:\Users\benb0_000\Documents\GitHub\SteerLite\steerlib\include\util/GenericException.h(56): note: see declaration of 'Util::GenericException' (compiling source file ..\..\src\TestCaseReaderPrivate.cpp)
     1>C:\Users\benb0_000\Documents\GitHub\SteerLite\steerlib\include\util/GenericException.h(57): warning C4275: non dll-interface class 'std::exception' used as base for dll-interface class 'Util::GenericException' (compiling source file ..\..\src\TestCaseReader.cpp)
         C:\Program Files (x86)\Microsoft Visual Studio 14.0\VC\include\vcruntime_exception.h(43): note: see declaration of 'std::exception' (compiling source file ..\..\src\TestCaseReader.cpp)
         C:\Users\benb0_000\Documents\GitHub\SteerLite\steerlib\include\util/GenericException.h(56): note: see declaration of 'Util::GenericException' (compiling source file ..\..\src\TestCaseReader.cpp)
     1>..\..\src\Curve.cpp(97): warning C4267: 'initializing': conversion from 'size_t' to 'int', possible loss of data
     1>..\..\src\Curve.cpp(99): warning C4267: 'initializing': conversion from 'size_t' to 'int', possible loss of data
     1>C:\Users\benb0_000\Documents\GitHub\SteerLite\steerlib\include\util/GenericException.h(57): warning C4275: non dll-interface class 'std::exception' used as base for dll-interface class 'Util::GenericException' (compiling source file ..\..\src\SimulationEngine.cpp)
         C:\Program Files (x86)\Microsoft Visual Studio 14.0\VC\include\vcruntime_exception.h(43): note: see declaration of 'std::exception' (compiling source file ..\..\src\SimulationEngine.cpp)
         C:\Users\benb0_000\Documents\GitHub\SteerLite\steerlib\include\util/GenericException.h(56): note: see declaration of 'Util::GenericException' (compiling source file ..\..\src\SimulationEngine.cpp)
     1>..\..\src\Curve.cpp(149): warning C4101: 'intervalTime': unreferenced local variable
     1>..\..\src\Curve.cpp(149): warning C4101: 'normalTime': unreferenced local variable
     1>..\..\src\Curve.cpp(193): warning C4244: '=': conversion from '__int64' to 'unsigned int', possible loss of data
     1>..\..\src\Curve.cpp(259): warning C4267: 'initializing': conversion from 'size_t' to 'int', possible loss of data
     1>..\..\src\Curve.cpp(270): warning C4018: '>=': signed/unsigned mismatch
     1>C:\Users\benb0_000\Documents\GitHub\SteerLite\steerlib\include\util/GenericException.h(57): warning C4275: non dll-interface class 'std::exception' used as base for dll-interface class 'Util::GenericException' (compiling source file ..\..\src\Camera.cpp)
         C:\Program Files (x86)\Microsoft Visual Studio 14.0\VC\include\vcruntime_exception.h(43): note: see declaration of 'std::exception' (compiling source file ..\..\src\Camera.cpp)
         C:\Users\benb0_000\Documents\GitHub\SteerLite\steerlib\include\util/GenericException.h(56): note: see declaration of 'Util::GenericException' (compiling source file ..\..\src\Camera.cpp)
     1>..\..\src\Camera.cpp(171): warning C4244: 'argument': conversion from 'int' to 'float', possible loss of data
     1>..\..\src\Camera.cpp(172): warning C4244: 'argument': conversion from 'int' to 'float', possible loss of data
     1>c:\users\benb0_000\documents\github\steerlite\util\include\LogObject.h(85): warning C4267: 'argument': conversion from 'size_t' to 'unsigned int', possible loss of data (compiling source file ..\..\src\SimulationRecorderModule.cpp)
     1>c:\users\benb0_000\documents\github\steerlite\util\include\LogObject.h(85): warning C4267: 'argument': conversion from 'size_t' to 'unsigned int', possible loss of data (compiling source file ..\..\src\TestCasePlayerModule.cpp)
     1>c:\users\benb0_000\documents\github\steerlite\steerlib\include\util/GenericException.h(57): warning C4275: non dll-interface class 'std::exception' used as base for dll-interface class 'Util::GenericException' (compiling source file ..\..\src\RecFilePlayerModule.cpp)
         C:\Program Files (x86)\Microsoft Visual Studio 14.0\VC\include\vcruntime_exception.h(43): note: see declaration of 'std::exception' (compiling source file ..\..\src\RecFilePlayerModule.cpp)
         c:\users\benb0_000\documents\github\steerlite\steerlib\include\util/GenericException.h(56): note: see declaration of 'Util::GenericException' (compiling source file ..\..\src\RecFilePlayerModule.cpp)
     1>c:\users\benb0_000\documents\github\steerlite\util\include\LogObject.h(85): warning C4267: 'argument': conversion from 'size_t' to 'unsigned int', possible loss of data (compiling source file ..\..\src\SimulationEngine.cpp)
         TestCaseWriter.cpp
     1>c:\users\benb0_000\documents\github\steerlite\util\include\LogObject.h(85): warning C4267: 'argument': conversion from 'size_t' to 'unsigned int', possible loss of data (compiling source file ..\..\src\TestCaseReader.cpp)
     1>c:\users\benb0_000\documents\github\steerlite\util\include\LogObject.h(85): warning C4267: 'argument': conversion from 'size_t' to 'unsigned int', possible loss of data (compiling source file ..\..\src\TestCaseReaderPrivate.cpp)
     1>c:\users\benb0_000\documents\github\steerlite\util\include\LogObject.h(85): warning C4267: 'argument': conversion from 'size_t' to 'unsigned int', possible loss of data (compiling source file ..\..\src\RecFilePlayerModule.cpp)
     1>C:\Users\benb0_000\Documents\GitHub\SteerLite\steerlib\include\util/GenericException.h(57): warning C4275: non dll-interface class 'std::exception' used as base for dll-interface class 'Util::GenericException' (compiling source file ..\..\src\TestCaseWriter.cpp)
         C:\Program Files (x86)\Microsoft Visual Studio 14.0\VC\include\vcruntime_exception.h(43): note: see declaration of 'std::exception' (compiling source file ..\..\src\TestCaseWriter.cpp)
         C:\Users\benb0_000\Documents\GitHub\SteerLite\steerlib\include\util/GenericException.h(56): note: see declaration of 'Util::GenericException' (compiling source file ..\..\src\TestCaseWriter.cpp)
     1>..\..\src\SimulationEngine.cpp(162): warning C4267: 'initializing': conversion from 'size_t' to 'int', possible loss of data
     1>..\..\src\SimulationEngine.cpp(1005): warning C4267: 'initializing': conversion from 'size_t' to 'int', possible loss of data
     1>c:\users\benb0_000\documents\github\steerlite\util\include\LogObject.h(85): warning C4267: 'argument': conversion from 'size_t' to 'unsigned int', possible loss of data (compiling source file ..\..\src\TestCaseWriter.cpp)
     1>..\..\src\TestCaseWriter.cpp(35): warning C4996: 'fopen': This function or variable may be unsafe. Consider using fopen_s instead. To disable deprecation, use _CRT_SECURE_NO_WARNINGS. See online help for details.
         C:\Program Files (x86)\Windows Kits\10\Include\10.0.10150.0\ucrt\stdio.h(205): note: see declaration of 'fopen'
     1>..\..\src\TestCaseWriter.cpp(54): warning C4996: 'fopen': This function or variable may be unsafe. Consider using fopen_s instead. To disable deprecation, use _CRT_SECURE_NO_WARNINGS. See online help for details.
         C:\Program Files (x86)\Windows Kits\10\Include\10.0.10150.0\ucrt\stdio.h(205): note: see declaration of 'fopen'
       Link:
         C:\Program Files (x86)\Microsoft Visual Studio 14.0\VC\bin\x86_amd64\link.exe /ERRORREPORT:PROMPT /OUT:"C:\Users\benb0_000\Documents\GitHub\SteerLite\build\win32\Release\steerlib.dll" /INCREMENTAL:NO /NOLOGO /LIBPATH:C:\Users\benb0_000\Documents\GitHub\SteerLite\build\win32\Release\ util.lib opengl32.lib glu32.lib kernel32.lib user32.lib gdi32.lib winspool.lib comdlg32.lib advapi32.lib shell32.lib ole32.lib oleaut32.lib uuid.lib odbc32.lib odbccp32.lib /MANIFEST /MANIFESTUAC:"level='asInvoker' uiAccess='false'" /manifest:embed /PDB:"C:\Users\benb0_000\Documents\GitHub\SteerLite\build\win32\Release\steerlib.pdb" /LTCG:incremental /TLBID:1 /DYNAMICBASE /NXCOMPAT /IMPLIB:"C:\Users\benb0_000\Documents\GitHub\SteerLite\build\win32\Release\steerlib.lib" /MACHINE:X64 /DLL Release\AgentMetricsCollector.obj
         Release\BehaviorParameter.obj
         Release\Behaviour.obj
         Release\BenchmarkEngine.obj
         Release\CompositeTechnique01.obj
         Release\CompositeTechnique02.obj
         Release\CompositeTechniquePLE.obj
         Release\Curve.obj
         Release\FrameSaver.obj
         Release\OrientedWallObstacle.obj
         Release\SimulationMetricsCollector.obj
         Release\GridDatabase2D.obj
         Release\CommandLineParser.obj
         Release\DrawLib.obj
         Release\DynamicLibrary.obj
         Release\HighResCounter.obj
         Release\MemoryMapper.obj
         Release\Misc.obj
         Release\PerformanceProfiler.obj
         Release\StateMachine.obj
         Release\ThreadedTaskManager.obj
         Release\XMLParser.obj
         Release\RecFileReader.obj
         Release\RecFileWriter.obj
         Release\TestCaseReader.obj
         Release\TestCaseReaderPrivate.obj
         Release\TestCaseWriter.obj
         Release\Camera.obj
         Release\Clock.obj
         Release\SimulationEngine.obj
         Release\SimulationOptions.obj
         Release\SteeringCommand.obj
         Release\BoxObstacle.obj
         Release\CircleObstacle.obj
         Release\OrientedBoxObstacle.obj
         Release\RecFilePlayerModule.obj
         Release\SimulationRecorderModule.obj
         Release\TestCasePlayerModule.obj
         Release\ticpp.obj
         Release\tinystr.obj
         Release\tinyxml.obj
         Release\tinyxmlerror.obj
         Release\tinyxmlparser.obj
            Creating library C:\Users\benb0_000\Documents\GitHub\SteerLite\build\win32\Release\steerlib.lib and object C:\Users\benb0_000\Documents\GitHub\SteerLite\build\win32\Release\steerlib.exp
         Generating code
         5 of 8689 functions ( 0.1%) were compiled, the rest were copied from previous compilation.
           0 functions were new in current compilation
           2 functions had inline decision re-evaluated but remain unchanged
         Finished generating code
         steerlib.vcxproj -> C:\Users\benb0_000\Documents\GitHub\SteerLite\build\win32\Release\steerlib.dll
     1>Done Building Project "C:\Users\benb0_000\Documents\GitHub\SteerLite\steerlib\build\win32\steerlib.vcxproj" (Build target(s)).

Build succeeded.

Time Elapsed 00:00:08.02
